<?xml version="1.0" encoding="UTF-8"?>
<!-- Generated by org.testng.reporters.JUnitReportReporter -->
<testsuite skipped="0" hostname="Ankur" name="Org.qsp.testngdemo.ReadData" tests="3" failures="0" timestamp="30 Jul 2020 05:23:45 GMT" time="0.048" errors="0">
  <testcase name="m1" time="0.015" classname="Org.qsp.testngdemo.ReadData"/>
  <testcase name="m1" time="0.028" classname="Org.qsp.testngdemo.ReadData"/>
  <testcase name="m1" time="0.005" classname="Org.qsp.testngdemo.ReadData"/>
</testsuite> <!-- Org.qsp.testngdemo.ReadData -->
