<?xml version="1.0" encoding="UTF-8"?>
<!-- Generated by org.testng.reporters.JUnitReportReporter -->
<testsuite skipped="0" hostname="Ankur" name="Org.qsp.testngdemo.ParallelClass2" tests="1" failures="0" timestamp="31 Jul 2020 06:21:59 GMT" time="27.509" errors="0">
  <testcase name="m2" time="27.509" classname="Org.qsp.testngdemo.ParallelClass2"/>
</testsuite> <!-- Org.qsp.testngdemo.ParallelClass2 -->
