<?xml version="1.0" encoding="UTF-8"?>
<!-- Generated by org.testng.reporters.JUnitReportReporter -->
<testsuite skipped="0" hostname="Ankur" name="Org.qsp.testngdemo.DataProviderDemo" tests="3" failures="0" timestamp="30 Jul 2020 05:02:04 GMT" time="0.037" errors="0">
  <testcase name="m1" time="0.032" classname="Org.qsp.testngdemo.DataProviderDemo"/>
  <testcase name="m1" time="0.002" classname="Org.qsp.testngdemo.DataProviderDemo"/>
  <testcase name="m1" time="0.003" classname="Org.qsp.testngdemo.DataProviderDemo"/>
</testsuite> <!-- Org.qsp.testngdemo.DataProviderDemo -->
