<?xml version="1.0" encoding="UTF-8"?>
<!-- Generated by org.testng.reporters.JUnitReportReporter -->
<testsuite skipped="0" hostname="Ankur" name="Org.qsp.testngdemo.ParallelClass1" tests="1" failures="0" timestamp="31 Jul 2020 06:21:59 GMT" time="26.757" errors="0">
  <testcase name="m1" time="26.757" classname="Org.qsp.testngdemo.ParallelClass1"/>
</testsuite> <!-- Org.qsp.testngdemo.ParallelClass1 -->
