<?xml version="1.0" encoding="UTF-8"?>
<!-- Generated by org.testng.reporters.JUnitReportReporter -->
<testsuite skipped="0" hostname="Ankur" name="Org.qsp.testngdemo.DataExcelDemo" tests="3" failures="0" timestamp="30 Jul 2020 06:16:38 GMT" time="50.052" errors="0">
  <testcase name="m1" time="15.295" classname="Org.qsp.testngdemo.DataExcelDemo"/>
  <testcase name="m1" time="17.798" classname="Org.qsp.testngdemo.DataExcelDemo"/>
  <testcase name="m1" time="16.959" classname="Org.qsp.testngdemo.DataExcelDemo"/>
</testsuite> <!-- Org.qsp.testngdemo.DataExcelDemo -->
