<?xml version="1.0" encoding="UTF-8"?>
<!-- Generated by org.testng.reporters.JUnitReportReporter -->
<testsuite skipped="0" hostname="Ankur" name="Org.qsp.testngdemo.TestParallelClassOne" tests="1" failures="0" timestamp="30 Jul 2020 18:56:04 GMT" time="24.619" errors="0">
  <testcase name="m1" time="24.619" classname="Org.qsp.testngdemo.TestParallelClassOne"/>
</testsuite> <!-- Org.qsp.testngdemo.TestParallelClassOne -->
