<?xml version="1.0" encoding="UTF-8"?>
<!-- Generated by org.testng.reporters.JUnitReportReporter -->
<testsuite skipped="0" hostname="Ankur" name="Org.qsp.testngdemo.Demo1" tests="2" failures="0" timestamp="27 Jul 2020 06:12:42 GMT" time="50.894" errors="0">
  <testcase name="m1" time="26.442" classname="Org.qsp.testngdemo.Demo1"/>
  <testcase name="m2" time="24.452" classname="Org.qsp.testngdemo.Demo1"/>
</testsuite> <!-- Org.qsp.testngdemo.Demo1 -->
