<?xml version="1.0" encoding="UTF-8"?>
<!-- Generated by org.testng.reporters.JUnitReportReporter -->
<testsuite skipped="0" hostname="Ankur" name="Org.qsp.testngdemo.Demo2" tests="6" failures="0" timestamp="28 Jul 2020 05:50:10 GMT" time="0.090" errors="0">
  <testcase name="m1" time="0.041" classname="Org.qsp.testngdemo.Demo2"/>
  <testcase name="m4" time="0.003" classname="Org.qsp.testngdemo.Demo2"/>
  <testcase name="m6" time="0.030" classname="Org.qsp.testngdemo.Demo2"/>
  <testcase name="m2" time="0.002" classname="Org.qsp.testngdemo.Demo2"/>
  <testcase name="m3" time="0.010" classname="Org.qsp.testngdemo.Demo2"/>
  <testcase name="m5" time="0.004" classname="Org.qsp.testngdemo.Demo2"/>
</testsuite> <!-- Org.qsp.testngdemo.Demo2 -->
