<?xml version="1.0" encoding="UTF-8"?>
<!-- Generated by org.testng.reporters.JUnitReportReporter -->
<testsuite skipped="0" hostname="Ankur" name="Org.qsp.testngdemo.DemoGecko" tests="1" failures="0" timestamp="31 Jul 2020 06:14:19 GMT" time="30.741" errors="0">
  <testcase name="m" time="30.741" classname="Org.qsp.testngdemo.DemoGecko"/>
</testsuite> <!-- Org.qsp.testngdemo.DemoGecko -->
