<?xml version="1.0" encoding="UTF-8"?>
<!-- Generated by org.testng.reporters.JUnitReportReporter -->
<testsuite skipped="0" hostname="Ankur" name="Org.qsp.testngdemo.Demo2IP" tests="3" failures="0" timestamp="29 Jul 2020 05:15:32 GMT" time="0.053" errors="0">
  <testcase name="m1" time="0.009" classname="Org.qsp.testngdemo.Demo2IP"/>
  <testcase name="m2" time="0.006" classname="Org.qsp.testngdemo.Demo2IP"/>
  <testcase name="m3" time="0.038" classname="Org.qsp.testngdemo.Demo2IP"/>
</testsuite> <!-- Org.qsp.testngdemo.Demo2IP -->
