<?xml version="1.0" encoding="UTF-8"?>
<!-- Generated by org.testng.reporters.JUnitReportReporter -->
<testsuite skipped="0" hostname="Ankur" name="Org.qsp.testngdemo.ParallelBrowser" tests="2" failures="0" timestamp="03 Aug 2020 04:48:20 GMT" time="52.677" errors="0">
  <testcase name="m" time="20.132" classname="Org.qsp.testngdemo.ParallelBrowser"/>
  <testcase name="m" time="32.545" classname="Org.qsp.testngdemo.ParallelBrowser"/>
</testsuite> <!-- Org.qsp.testngdemo.ParallelBrowser -->
